<?xml version="1.0" encoding="UTF-8"?>
<!-- Generated by org.testng.reporters.JUnitReportReporter -->
<testsuite skipped="0" hostname="EPINPUNW0017" name="com.nanda.magnitude.TestCases" tests="6" failures="0" timestamp="21 Nov 2017 17:51:27 GMT" time="0.031" errors="0">
  <testcase name="testScenarioFive" time="0.019" classname="com.nanda.magnitude.TestCases"/>
  <testcase name="testScenarioTwo" time="0.002" classname="com.nanda.magnitude.TestCases"/>
  <testcase name="testScenarioOne" time="0.003" classname="com.nanda.magnitude.TestCases"/>
  <testcase name="testScenarioFour" time="0.002" classname="com.nanda.magnitude.TestCases"/>
  <testcase name="testScenarioSix" time="0.002" classname="com.nanda.magnitude.TestCases"/>
  <testcase name="testScenarioThree" time="0.003" classname="com.nanda.magnitude.TestCases"/>
</testsuite> <!-- com.nanda.magnitude.TestCases -->
